\BOOKMARK [0][-]{chapter*.1}{\376\377\166\356\137\125}{}% 1
\BOOKMARK [0][-]{chapter.1}{\376\377\173\054\116\000\172\340\000\040\000\040\137\025\212\000}{}% 2
\BOOKMARK [1][-]{section.1.1}{\376\377\0001\000.\0001\000\040\147\054\145\207\170\024\172\166\166\204\203\003\126\364\123\312\121\166\145\271\172\013\174\373\176\337}{chapter.1}% 3
\BOOKMARK [2][-]{subsection.1.1.1}{\376\377\0001\000.\0001\000.\0001\000\040\123\125\116\313\215\050\000E\000u\000l\000e\000r\145\271\172\013}{section.1.1}% 4
\BOOKMARK [2][-]{subsection.1.1.2}{\376\377\0001\000.\0001\000.\0002\000\040\164\006\140\363\170\301\155\101\117\123\145\271\172\013}{section.1.1}% 5
\BOOKMARK [2][-]{subsection.1.1.3}{\376\377\0001\000.\0001\000.\0003\000\040\131\032\116\313\215\050\000E\000u\000l\000e\000r\145\271\172\013}{section.1.1}% 6
\BOOKMARK [2][-]{subsection.1.1.4}{\376\377\0001\000.\0001\000.\0004\000\040\232\330\220\037\123\026\133\146\123\315\136\224\000E\000u\000l\000e\000r\145\271\172\013}{section.1.1}% 7
\BOOKMARK [1][-]{section.1.2}{\376\377\0001\000.\0002\000\040\123\357\123\213\177\051\155\101\116\055\225\364\145\255\225\356\230\230\166\204\164\006\213\272\170\024\172\166\173\200\116\313}{chapter.1}% 8
\BOOKMARK [2][-]{subsection.1.2.1}{\376\377\0001\000.\0002\000.\0001\000\040\000E\000u\000l\000e\000r\145\271\172\013\137\061\211\343\123\312\211\343\133\130\127\050\140\047\166\204\170\024\172\166}{section.1.2}% 9
\BOOKMARK [2][-]{subsection.1.2.2}{\376\377\0001\000.\0002\000.\0002\000\040\236\316\146\374\225\356\230\230\124\214\000E\000u\000l\000e\000r\145\271\172\013\217\321\117\074\211\343}{section.1.2}% 10
\BOOKMARK [1][-]{section.1.3}{\376\377\0001\000.\0003\000\040\213\241\173\227\155\101\117\123\122\233\133\146\124\214\145\160\120\074\145\271\154\325\123\321\134\125}{chapter.1}% 11
\BOOKMARK [2][-]{subsection.1.3.1}{\376\377\0001\000.\0003\000.\0001\000\040\213\241\173\227\155\101\117\123\122\233\133\146\173\200\116\313}{section.1.3}% 12
\BOOKMARK [2][-]{subsection.1.3.2}{\376\377\0001\000.\0003\000.\0002\000\040\145\160\120\074\145\271\154\325\166\204\123\321\134\125}{section.1.3}% 13
\BOOKMARK [1][-]{section.1.4}{\376\377\0001\000.\0004\000\040\225\364\145\255\225\356\230\230\145\160\120\074\170\024\172\166\163\260\162\266\124\214\116\015\215\263}{chapter.1}% 14
\BOOKMARK [2][-]{subsection.1.4.1}{\376\377\0001\000.\0004\000.\0001\000\040\157\300\154\342\143\125\143\111\150\074\137\017\124\214\157\300\154\342\122\006\217\250\163\207}{section.1.4}% 15
\BOOKMARK [2][-]{subsection.1.4.2}{\376\377\0001\000.\0004\000.\0002\000\040\162\151\215\050\165\114\227\142\124\214\165\114\227\142\217\375\216\052\145\271\154\325}{section.1.4}% 16
\BOOKMARK [2][-]{subsection.1.4.3}{\376\377\0001\000.\0004\000.\0003\000\040\154\024\166\370\162\006\217\160\154\342}{section.1.4}% 17
\BOOKMARK [1][-]{section.1.5}{\376\377\0001\000.\0005\000\040\147\054\145\207\142\100\137\000\134\125\170\024\172\166\121\205\133\271}{chapter.1}% 18
\BOOKMARK [0][-]{chapter.2}{\376\377\173\054\116\214\172\340\000\040\000\040\123\314\117\341\140\157\117\335\133\130\145\271\154\325\377\010\000D\000u\000a\000l\000\040\000i\000n\000f\000o\000r\000m\000a\000t\000i\000o\000n\000\040\000p\000r\000e\000s\000e\000r\000v\000i\000n\000g\000\040\000m\000e\000t\000h\000o\000d\377\011\145\271\154\325}{}% 19
\BOOKMARK [1][-]{section.2.1}{\376\377\0002\000.\0001\000\040\116\015\124\014\166\204\165\114\227\142\174\173\127\213\124\214\165\114\227\142\145\271\154\325}{chapter.2}% 20
\BOOKMARK [2][-]{subsection.2.1.1}{\376\377\0002\000.\0001\000.\0001\000\040\117\040\176\337\165\114\227\142}{section.2.1}% 21
\BOOKMARK [1][-]{section.2.2}{\376\377\0002\000.\0002\000\040\131\032\166\370\165\114\227\142\124\214\200\027\145\143\165\114\227\142}{chapter.2}% 22
\BOOKMARK [0][-]{appendix.A}{\376\377\000A\000p\000p\000e\000n\000d\000i\000x\000\040\000\040\000A\000\040\000\040\123\026\133\146\123\315\136\224\116\055\166\370\121\163\134\072\136\246\166\204\143\242\213\250}{}% 23
\BOOKMARK [1][-]{section.A.1}{\376\377\000A\000.\0001\000\040\123\026\133\146\123\315\136\224\145\366\225\364\134\072\136\246\122\006\147\220\145\271\172\013\124\214\172\172\225\364\134\072\136\246\122\006\147\220\145\271\172\013}{appendix.A}% 24
\BOOKMARK [1][-]{section.A.2}{\376\377\000A\000.\0002\000\040\134\072\136\246\122\006\147\220\000p\000o\000w\000e\000r\000s\0002\0000\0000\0005\000a\000c\000c\000u\000r\000a\000t\000e}{appendix.A}% 25
\BOOKMARK [0][-]{appendix*.4}{\376\377\123\302\200\003\145\207\163\056}{}% 26
