This is XeTeX, Version 3.14159265-2.6-0.99992 (TeX Live 2015/Debian) (preloaded format=xelatex 2017.10.9)  18 NOV 2017 16:02
entering extended mode
 restricted \write18 enabled.
 %&-line parsing enabled.
**"Ph.D thesis.tex"
(/usr/share/texlive/texmf-dist/tex/latex/tools/q.tex
LaTeX2e <2016/02/01>
Babel <3.9q> and hyphenation patterns for 12 language(s) loaded.
File ignored
)
! Emergency stop.
<*> "Ph.D thesis.tex"
                     
*** (job aborted, no legal \end found)

 
Here is how much of TeX's memory you used:
 6 strings out of 495252
 165 string characters out of 6180858
 46678 words of memory out of 5000000
 3388 multiletter control sequences out of 15000+600000
 3640 words of font info for 14 fonts, out of 8000000 for 9000
 264 hyphenation exceptions out of 8191
 5i,0n,1p,97b,8s stack positions out of 5000i,500n,10000p,200000b,80000s
No pages of output.
